# JRE version: Java(TM) SE Runtime Environment (8.0_171-b11) (build 1.8.0_171-b11)
# Java VM: Java HotSpot(TM) 64-Bit Server VM (25.171-b11 mixed mode linux-amd64 compressed oops)
Heap:
 PSYoungGen      total 888832K, used 16156K [0x000000076cf80000, 0x00000007a6180000, 0x00000007c0000000)
  eden space 857088K, 0% used [0x000000076cf80000,0x000000076cf80000,0x00000007a1480000)
  from space 31744K, 50% used [0x00000007a2380000,0x00000007a33471a0,0x00000007a4280000)
  to   space 25088K, 0% used [0x00000007a4900000,0x00000007a4900000,0x00000007a6180000)
 ParOldGen       total 179712K, used 45970K [0x00000006c6e00000, 0x00000006d1d80000, 0x000000076cf80000)
  object space 179712K, 25% used [0x00000006c6e00000,0x00000006c9ae4a50,0x00000006d1d80000)
 Metaspace       used 74009K, capacity 78596K, committed 78680K, reserved 1116160K
  class space    used 10512K, capacity 11295K, committed 11352K, reserved 1048576K
GC Heap History (10 events):
Event: 10,195 GC heap after
Heap after GC invocations=9 (full 2):
 PSYoungGen      total 415232K, used 17401K [0x000000076cf80000, 0x0000000795200000, 0x00000007c0000000)
  eden space 397824K, 0% used [0x000000076cf80000,0x000000076cf80000,0x0000000785400000)
  from space 17408K, 99% used [0x0000000785400000,0x00000007864fe5b8,0x0000000786500000)
  to   space 20992K, 0% used [0x0000000793d80000,0x0000000793d80000,0x0000000795200000)
 ParOldGen       total 143360K, used 21658K [0x00000006c6e00000, 0x00000006cfa00000, 0x000000076cf80000)
  object space 143360K, 15% used [0x00000006c6e00000,0x00000006c8326930,0x00000006cfa00000)
 Metaspace       used 41969K, capacity 44146K, committed 44416K, reserved 1087488K
  class space    used 5533K, capacity 5985K, committed 6016K, reserved 1048576K
}
Event: 14,788 GC heap before
{Heap before GC invocations=10 (full 2):
 PSYoungGen      total 415232K, used 415225K [0x000000076cf80000, 0x0000000795200000, 0x00000007c0000000)
  eden space 397824K, 100% used [0x000000076cf80000,0x0000000785400000,0x0000000785400000)
  from space 17408K, 99% used [0x0000000785400000,0x00000007864fe5b8,0x0000000786500000)
  to   space 20992K, 0% used [0x0000000793d80000,0x0000000793d80000,0x0000000795200000)
 ParOldGen       total 143360K, used 21658K [0x00000006c6e00000, 0x00000006cfa00000, 0x000000076cf80000)
  object space 143360K, 15% used [0x00000006c6e00000,0x00000006c8326930,0x00000006cfa00000)
 Metaspace       used 56026K, capacity 58476K, committed 58752K, reserved 1099776K
  class space    used 7780K, capacity 8243K, committed 8320K, reserved 1048576K
Event: 14,819 GC heap after
Heap after GC invocations=10 (full 2):
 PSYoungGen      total 627200K, used 20963K [0x000000076cf80000, 0x0000000795780000, 0x00000007c0000000)
  eden space 606208K, 0% used [0x000000076cf80000,0x000000076cf80000,0x0000000791f80000)
  from space 20992K, 99% used [0x0000000793d80000,0x00000007951f8c50,0x0000000795200000)
  to   space 28672K, 0% used [0x0000000791f80000,0x0000000791f80000,0x0000000793b80000)
 ParOldGen       total 143360K, used 32614K [0x00000006c6e00000, 0x00000006cfa00000, 0x000000076cf80000)
  object space 143360K, 22% used [0x00000006c6e00000,0x00000006c8dd99b0,0x00000006cfa00000)
 Metaspace       used 56026K, capacity 58476K, committed 58752K, reserved 1099776K
  class space    used 7780K, capacity 8243K, committed 8320K, reserved 1048576K
}
Event: 14,884 GC heap before
{Heap before GC invocations=11 (full 2):
 PSYoungGen      total 627200K, used 44432K [0x000000076cf80000, 0x0000000795780000, 0x00000007c0000000)
  eden space 606208K, 3% used [0x000000076cf80000,0x000000076e66b540,0x0000000791f80000)
  from space 20992K, 99% used [0x0000000793d80000,0x00000007951f8c50,0x0000000795200000)
  to   space 28672K, 0% used [0x0000000791f80000,0x0000000791f80000,0x0000000793b80000)
 ParOldGen       total 143360K, used 32614K [0x00000006c6e00000, 0x00000006cfa00000, 0x000000076cf80000)
  object space 143360K, 22% used [0x00000006c6e00000,0x00000006c8dd99b0,0x00000006cfa00000)
 Metaspace       used 56484K, capacity 58902K, committed 59096K, reserved 1099776K
  class space    used 7823K, capacity 8322K, committed 8408K, reserved 1048576K
Event: 14,900 GC heap after
Heap after GC invocations=11 (full 2):
 PSYoungGen      total 634880K, used 19452K [0x000000076cf80000, 0x00000007a6600000, 0x00000007c0000000)
  eden space 606208K, 0% used [0x000000076cf80000,0x000000076cf80000,0x0000000791f80000)
  from space 28672K, 67% used [0x0000000791f80000,0x000000079327f278,0x0000000793b80000)
  to   space 29696K, 0% used [0x00000007a4900000,0x00000007a4900000,0x00000007a6600000)
 ParOldGen       total 143360K, used 32622K [0x00000006c6e00000, 0x00000006cfa00000, 0x000000076cf80000)
  object space 143360K, 22% used [0x00000006c6e00000,0x00000006c8ddb9b0,0x00000006cfa00000)
 Metaspace       used 56484K, capacity 58902K, committed 59096K, reserved 1099776K
  class space    used 7823K, capacity 8322K, committed 8408K, reserved 1048576K
}
Event: 14,900 GC heap before
{Heap before GC invocations=12 (full 3):
 PSYoungGen      total 634880K, used 19452K [0x000000076cf80000, 0x00000007a6600000, 0x00000007c0000000)
  eden space 606208K, 0% used [0x000000076cf80000,0x000000076cf80000,0x0000000791f80000)
  from space 28672K, 67% used [0x0000000791f80000,0x000000079327f278,0x0000000793b80000)
  to   space 29696K, 0% used [0x00000007a4900000,0x00000007a4900000,0x00000007a6600000)
 ParOldGen       total 143360K, used 32622K [0x00000006c6e00000, 0x00000006cfa00000, 0x000000076cf80000)
  object space 143360K, 22% used [0x00000006c6e00000,0x00000006c8ddb9b0,0x00000006cfa00000)
 Metaspace       used 56484K, capacity 58902K, committed 59096K, reserved 1099776K
  class space    used 7823K, capacity 8322K, committed 8408K, reserved 1048576K
Event: 15,096 GC heap after
Heap after GC invocations=12 (full 3):
 PSYoungGen      total 634880K, used 0K [0x000000076cf80000, 0x00000007a6600000, 0x00000007c0000000)
  eden space 606208K, 0% used [0x000000076cf80000,0x000000076cf80000,0x0000000791f80000)
  from space 28672K, 0% used [0x0000000791f80000,0x0000000791f80000,0x0000000793b80000)
  to   space 29696K, 0% used [0x00000007a4900000,0x00000007a4900000,0x00000007a6600000)
 ParOldGen       total 179712K, used 32235K [0x00000006c6e00000, 0x00000006d1d80000, 0x000000076cf80000)
  object space 179712K, 17% used [0x00000006c6e00000,0x00000006c8d7afe0,0x00000006d1d80000)
 Metaspace       used 56484K, capacity 58902K, committed 59096K, reserved 1099776K
  class space    used 7823K, capacity 8322K, committed 8408K, reserved 1048576K
}
Event: 17,946 GC heap before
{Heap before GC invocations=13 (full 3):
 PSYoungGen      total 634880K, used 606208K [0x000000076cf80000, 0x00000007a6600000, 0x00000007c0000000)
  eden space 606208K, 100% used [0x000000076cf80000,0x0000000791f80000,0x0000000791f80000)
  from space 28672K, 0% used [0x0000000791f80000,0x0000000791f80000,0x0000000793b80000)
  to   space 29696K, 0% used [0x00000007a4900000,0x00000007a4900000,0x00000007a6600000)
 ParOldGen       total 179712K, used 32235K [0x00000006c6e00000, 0x00000006d1d80000, 0x000000076cf80000)
  object space 179712K, 17% used [0x00000006c6e00000,0x00000006c8d7afe0,0x00000006d1d80000)
 Metaspace       used 64166K, capacity 67776K, committed 67800K, reserved 1107968K
  class space    used 9035K, capacity 9681K, committed 9688K, reserved 1048576K
Event: 17,966 GC heap after
Heap after GC invocations=13 (full 3):
 PSYoungGen      total 882176K, used 24998K [0x000000076cf80000, 0x00000007a6180000, 0x00000007c0000000)
  eden space 857088K, 0% used [0x000000076cf80000,0x000000076cf80000,0x00000007a1480000)
  from space 25088K, 99% used [0x00000007a4900000,0x00000007a6169b60,0x00000007a6180000)
  to   space 31744K, 0% used [0x00000007a2380000,0x00000007a2380000,0x00000007a4280000)
 ParOldGen       total 179712K, used 32243K [0x00000006c6e00000, 0x00000006d1d80000, 0x000000076cf80000)
  object space 179712K, 17% used [0x00000006c6e00000,0x00000006c8d7cfe0,0x00000006d1d80000)
 Metaspace       used 64166K, capacity 67776K, committed 67800K, reserved 1107968K
  class space    used 9035K, capacity 9681K, committed 9688K, reserved 1048576K
}
Event: 4739,523 GC heap before
{Heap before GC invocations=14 (full 3):
 PSYoungGen      total 882176K, used 882086K [0x000000076cf80000, 0x00000007a6180000, 0x00000007c0000000)
  eden space 857088K, 100% used [0x000000076cf80000,0x00000007a1480000,0x00000007a1480000)
  from space 25088K, 99% used [0x00000007a4900000,0x00000007a6169b60,0x00000007a6180000)
  to   space 31744K, 0% used [0x00000007a2380000,0x00000007a2380000,0x00000007a4280000)
 ParOldGen       total 179712K, used 32243K [0x00000006c6e00000, 0x00000006d1d80000, 0x000000076cf80000)
  object space 179712K, 17% used [0x00000006c6e00000,0x00000006c8d7cfe0,0x00000006d1d80000)
 Metaspace       used 74009K, capacity 78596K, committed 78680K, reserved 1116160K
  class space    used 10512K, capacity 11295K, committed 11352K, reserved 1048576K

